The system is: Windows - 10.0.19042 - AMD64
Compiling the C compiler identification source file "CMakeCCompilerId.c" succeeded.
Compiler: D:/Microsoft Visual Studio/2019/Professional/VC/Tools/MSVC/14.28.29333/bin/Hostx86/x86/cl.exe 
Build flags: 
Id flags:  

The output was:
0
用于 x86 的 Microsoft (R) C/C++ 优化编译器 19.28.29336 版
版权所有(C) Microsoft Corporation。保留所有权利。

CMakeCCompilerId.c
Microsoft (R) Incremental Linker Version 14.28.29336.0
Copyright (C) Microsoft Corporation.  All rights reserved.

/out:CMakeCCompilerId.exe 
CMakeCCompilerId.obj 


Compilation of the C compiler identification source "CMakeCCompilerId.c" produced "CMakeCCompilerId.exe"

Compilation of the C compiler identification source "CMakeCCompilerId.c" produced "CMakeCCompilerId.obj"

The C compiler identification is MSVC, found in "D:/Code/CLionProjects/CSAPP_Lab_1.2/cmake-build-debug/CMakeFiles/3.17.5/CompilerIdC/CMakeCCompilerId.exe"

Determining if the C compiler works passed with the following output:
Change Dir: D:/Code/CLionProjects/CSAPP_Lab_1.2/cmake-build-debug/CMakeFiles/CMakeTmp

Run Build Command(s):nmake /nologo cmTC_6bad0\fast && 	"D:\Microsoft Visual Studio\2019\Professional\VC\Tools\MSVC\14.28.29333\bin\HostX86\x86\nmake.exe"  -f CMakeFiles\cmTC_6bad0.dir\build.make /nologo -L                  CMakeFiles\cmTC_6bad0.dir\build
Building C object CMakeFiles/cmTC_6bad0.dir/testCCompiler.c.obj
	"D:\Microsoft Visual Studio\2019\Professional\VC\Tools\MSVC\14.28.29333\bin\Hostx86\x86\cl.exe" @C:\Users\ALIENW~1\AppData\Local\Temp\nm1C70.tmp
testCCompiler.c
Linking C executable cmTC_6bad0.exe
	"D:\JetBrains\CLion 2020.3.1\bin\cmake\win\bin\cmake.exe" -E vs_link_exe --intdir=CMakeFiles\cmTC_6bad0.dir --rc=C:\PROGRA~2\WI3CF2~1\10\bin\100183~1.0\x86\rc.exe --mt=C:\PROGRA~2\WI3CF2~1\10\bin\100183~1.0\x86\mt.exe --manifests  -- "D:\Microsoft Visual Studio\2019\Professional\VC\Tools\MSVC\14.28.29333\bin\Hostx86\x86\link.exe" /nologo @CMakeFiles\cmTC_6bad0.dir\objects1.rsp @C:\Users\ALIENW~1\AppData\Local\Temp\nm1CBF.tmp



Detecting C compiler ABI info compiled with the following output:
Change Dir: D:/Code/CLionProjects/CSAPP_Lab_1.2/cmake-build-debug/CMakeFiles/CMakeTmp

Run Build Command(s):nmake /nologo cmTC_b8d4d\fast && 	"D:\Microsoft Visual Studio\2019\Professional\VC\Tools\MSVC\14.28.29333\bin\HostX86\x86\nmake.exe"  -f CMakeFiles\cmTC_b8d4d.dir\build.make /nologo -L                  CMakeFiles\cmTC_b8d4d.dir\build
Building C object CMakeFiles/cmTC_b8d4d.dir/CMakeCCompilerABI.c.obj
	"D:\Microsoft Visual Studio\2019\Professional\VC\Tools\MSVC\14.28.29333\bin\Hostx86\x86\cl.exe" @C:\Users\ALIENW~1\AppData\Local\Temp\nm1E54.tmp
CMakeCCompilerABI.c
Linking C executable cmTC_b8d4d.exe
	"D:\JetBrains\CLion 2020.3.1\bin\cmake\win\bin\cmake.exe" -E vs_link_exe --intdir=CMakeFiles\cmTC_b8d4d.dir --rc=C:\PROGRA~2\WI3CF2~1\10\bin\100183~1.0\x86\rc.exe --mt=C:\PROGRA~2\WI3CF2~1\10\bin\100183~1.0\x86\mt.exe --manifests  -- "D:\Microsoft Visual Studio\2019\Professional\VC\Tools\MSVC\14.28.29333\bin\Hostx86\x86\link.exe" /nologo @CMakeFiles\cmTC_b8d4d.dir\objects1.rsp @C:\Users\ALIENW~1\AppData\Local\Temp\nm1EA3.tmp



